[debug] [2022-03-04T13:45:12.373Z] ----------------------------------------------------------------------
[debug] [2022-03-04T13:45:12.376Z] Command:       /usr/local/bin/node /Users/pouyan/.npm-global/bin/firebase init
[debug] [2022-03-04T13:45:12.376Z] CLI Version:   10.2.2
[debug] [2022-03-04T13:45:12.376Z] Platform:      darwin
[debug] [2022-03-04T13:45:12.376Z] Node Version:  v14.17.0
[debug] [2022-03-04T13:45:12.390Z] Time:          Fri Mar 04 2022 17:15:12 GMT+0330 (Iran Standard Time)
[debug] [2022-03-04T13:45:12.390Z] ----------------------------------------------------------------------
[debug] 
[debug] [2022-03-04T13:45:12.461Z] > command requires scopes: ["email","openid","https://www.googleapis.com/auth/cloudplatformprojects.readonly","https://www.googleapis.com/auth/firebase","https://www.googleapis.com/auth/cloud-platform"]
[debug] [2022-03-04T13:45:12.462Z] > authorizing via signed-in user (pooyan.hamidi10@gmail.com)
[info] 
     ######## #### ########  ######## ########     ###     ######  ########
     ##        ##  ##     ## ##       ##     ##  ##   ##  ##       ##
     ######    ##  ########  ######   ########  #########  ######  ######
     ##        ##  ##    ##  ##       ##     ## ##     ##       ## ##
     ##       #### ##     ## ######## ########  ##     ##  ######  ########

You're about to initialize a Firebase project in this directory:

  /Users/pouyan/Desktop/skan/skan-app

Before we get started, keep in mind:

  * You are initializing within an existing Firebase project directory

[info] 
=== Project Setup
[info] 
[info] First, let's associate this project directory with a Firebase project.
[info] You can create multiple project aliases by running firebase use --add, 
[info] but for now we'll just set up a default project.
[info] 
[debug] [2022-03-04T13:45:18.604Z] Using project from CLI flag: skan-app
[debug] [2022-03-04T13:45:18.607Z] >>> [apiv2][query] GET https://firebase.googleapis.com/v1beta1/projects/skan-app [none]
[debug] [2022-03-04T13:45:19.120Z] <<< [apiv2][status] GET https://firebase.googleapis.com/v1beta1/projects/skan-app 403
[debug] [2022-03-04T13:45:19.120Z] <<< [apiv2][body] GET https://firebase.googleapis.com/v1beta1/projects/skan-app "<!DOCTYPE html>\n<html lang=en>\n  <meta charset=utf-8>\n  <meta name=viewport content=\"initial-scale=1, minimum-scale=1, width=device-width\">\n  <title>Error 403 (Forbidden)!!1</title>\n  <style>\n    *{margin:0;padding:0}html,code{font:15px/22px arial,sans-serif}html{background:#fff;color:#222;padding:15px}body{margin:7% auto 0;max-width:390px;min-height:180px;padding:30px 0 15px}* > body{background:url(//www.google.com/images/errors/robot.png) 100% 5px no-repeat;padding-right:205px}p{margin:11px 0 22px;overflow:hidden}ins{color:#777;text-decoration:none}a img{border:0}@media screen and (max-width:772px){body{background:none;margin-top:0;max-width:none;padding-right:0}}#logo{background:url(//www.google.com/images/branding/googlelogo/1x/googlelogo_color_150x54dp.png) no-repeat;margin-left:-5px}@media only screen and (min-resolution:192dpi){#logo{background:url(//www.google.com/images/branding/googlelogo/2x/googlelogo_color_150x54dp.png) no-repeat 0% 0%/100% 100%;-moz-border-image:url(//www.google.com/images/branding/googlelogo/2x/googlelogo_color_150x54dp.png) 0}}@media only screen and (-webkit-min-device-pixel-ratio:2){#logo{background:url(//www.google.com/images/branding/googlelogo/2x/googlelogo_color_150x54dp.png) no-repeat;-webkit-background-size:100% 100%}}#logo{display:inline-block;height:54px;width:150px}\n  </style>\n  <a href=//www.google.com/><span id=logo aria-label=Google></span></a>\n  <p><b>403.</b> <ins>That’s an error.</ins>\n  <p>Your client does not have permission to get URL <code>/v1beta1/projects/skan-app</code> from this server.  <ins>That’s all we know.</ins>\n"
[debug] [2022-03-04T13:45:19.121Z] Unable to parse JSON: SyntaxError: Unexpected token < in JSON at position 0
[debug] [2022-03-04T13:45:19.581Z] FirebaseError: Unable to parse JSON: SyntaxError: Unexpected token < in JSON at position 0
    at RetryOperation._fn (/Users/pouyan/.npm-global/lib/node_modules/firebase-tools/lib/apiv2.js:258:39)
    at processTicksAndRejections (internal/process/task_queues.js:95:5)
[error] 
[error] Error: Failed to get Firebase project skan-app. Please make sure the project exists and your account has permission to access it.
